Determining if the include file tr1/unordered_map exists failed with the following output:
Change Dir: /Users/sgerasimou/Documents/MOOS/Exemplar/moos-ivp/MOOS/MOOSCore/CMakeFiles/CMakeTmp

Run Build Command:"/usr/bin/make" "cmTryCompileExec615773517/fast"
/Applications/Xcode.app/Contents/Developer/usr/bin/make -f CMakeFiles/cmTryCompileExec615773517.dir/build.make CMakeFiles/cmTryCompileExec615773517.dir/build
/opt/local/bin/cmake -E cmake_progress_report /Users/sgerasimou/Documents/MOOS/Exemplar/moos-ivp/MOOS/MOOSCore/CMakeFiles/CMakeTmp/CMakeFiles 1
Building CXX object CMakeFiles/cmTryCompileExec615773517.dir/CheckIncludeFile.cxx.o
/Applications/Xcode.app/Contents/Developer/Toolchains/XcodeDefault.xctoolchain/usr/bin/c++     -o CMakeFiles/cmTryCompileExec615773517.dir/CheckIncludeFile.cxx.o -c /Users/sgerasimou/Documents/MOOS/Exemplar/moos-ivp/MOOS/MOOSCore/CMakeFiles/CMakeTmp/CheckIncludeFile.cxx
/Users/sgerasimou/Documents/MOOS/Exemplar/moos-ivp/MOOS/MOOSCore/CMakeFiles/CMakeTmp/CheckIncludeFile.cxx:1:10: fatal error: 'tr1/unordered_map' file not found
#include <tr1/unordered_map>
         ^
1 error generated.
make[1]: *** [CMakeFiles/cmTryCompileExec615773517.dir/CheckIncludeFile.cxx.o] Error 1
make: *** [cmTryCompileExec615773517/fast] Error 2


